<?xml version="1.0" encoding="UTF-8"?>
<!-- Generated by org.testng.reporters.JUnitReportReporter -->
<testsuite hostname="nsk-dt-asm-70" failures="0" tests="1" name="rok.qa.Testcases.Verify_Salesforce_Login" time="25.081" errors="0" timestamp="2024-02-14T18:35:29 IST" skipped="0">
  <testcase classname="rok.qa.Testcases.Verify_Salesforce_Login" name="VerfysalesforceLogin" time="25.081"/>
</testsuite> <!-- rok.qa.Testcases.Verify_Salesforce_Login -->
