<?xml version="1.0" encoding="UTF-8"?>
<!-- Generated by org.testng.reporters.JUnitReportReporter -->
<testsuite hostname="nsk-dt-asm-70" failures="0" tests="1" name="rok.qa.Testcases.Verify_created_lead_from_comunity_03" time="20.649" errors="0" timestamp="2024-02-14T19:00:33 IST" skipped="0">
  <testcase classname="rok.qa.Testcases.Verify_created_lead_from_comunity_03" name="create_new_BF_lead_from_community" time="20.649"/>
</testsuite> <!-- rok.qa.Testcases.Verify_created_lead_from_comunity_03 -->
